[INFO] 23-07-2025 09:14:20 [main] LogUtils - [MobileUI] Sleeping for 1.0 seconds.
[INFO] 23-07-2025 09:14:21 [main] LogUtils - [MobileUI] Clicking element: Located by By.chained({By.xpath: //android.view.View[@content-desc="Mobile App Flutter Beta"]/following-sibling::android.widget.EditText[1]}) within default timeout (10s).
[INFO] 23-07-2025 09:14:21 [main] LogUtils - [MobileUI] Waiting up to 10s (default) for element to be clickable: Located by By.chained({By.xpath: //android.view.View[@content-desc="Mobile App Flutter Beta"]/following-sibling::android.widget.EditText[1]})
[INFO] 23-07-2025 09:14:25 [main] LogUtils - [MobileUI] Sleeping for 1.0 seconds.
[INFO] 23-07-2025 09:14:26 [main] LogUtils - [MobileUI] Setting text 'admin123' on element: Located by By.chained({By.xpath: //android.view.View[@content-desc="Mobile App Flutter Beta"]/following-sibling::android.widget.EditText[1]}) with default timeout.
[INFO] 23-07-2025 09:14:26 [main] LogUtils - [MobileUI] Waiting up to 10s (default) for element to be visible: Located by By.chained({By.xpath: //android.view.View[@content-desc="Mobile App Flutter Beta"]/following-sibling::android.widget.EditText[1]})
[INFO] 23-07-2025 09:14:26 [main] LogUtils - [MobileUI] Set text completed for element: Located by By.chained({By.xpath: //android.view.View[@content-desc="Mobile App Flutter Beta"]/following-sibling::android.widget.EditText[1]})
[INFO] 23-07-2025 09:14:26 [main] LogUtils - [MobileUI] Sleeping for 1.0 seconds.
[INFO] 23-07-2025 09:14:27 [main] LogUtils - [MobileUI] Clicking element: Located by By.chained({By.xpath: //android.view.View[@content-desc="Mobile App Flutter Beta"]/following-sibling::android.widget.EditText[2]}) within default timeout (10s).
[INFO] 23-07-2025 09:14:27 [main] LogUtils - [MobileUI] Waiting up to 10s (default) for element to be clickable: Located by By.chained({By.xpath: //android.view.View[@content-desc="Mobile App Flutter Beta"]/following-sibling::android.widget.EditText[2]})
[INFO] 23-07-2025 09:14:28 [main] LogUtils - [MobileUI] Sleeping for 1.0 seconds.
[INFO] 23-07-2025 09:14:29 [main] LogUtils - [MobileUI] Setting text 'admin' on element: Located by By.chained({By.xpath: //android.view.View[@content-desc="Mobile App Flutter Beta"]/following-sibling::android.widget.EditText[2]}) with default timeout.
[INFO] 23-07-2025 09:14:29 [main] LogUtils - [MobileUI] Waiting up to 10s (default) for element to be visible: Located by By.chained({By.xpath: //android.view.View[@content-desc="Mobile App Flutter Beta"]/following-sibling::android.widget.EditText[2]})
[INFO] 23-07-2025 09:14:30 [main] LogUtils - [MobileUI] Set text completed for element: Located by By.chained({By.xpath: //android.view.View[@content-desc="Mobile App Flutter Beta"]/following-sibling::android.widget.EditText[2]})
[INFO] 23-07-2025 09:14:30 [main] LogUtils - [MobileUI] Sleeping for 1.0 seconds.
[INFO] 23-07-2025 09:14:31 [main] LogUtils - [MobileUI] Clicking element: Located by By.chained({By.xpath: //android.widget.Button[@content-desc="Sign in"]}) within default timeout (10s).
[INFO] 23-07-2025 09:14:31 [main] LogUtils - [MobileUI] Waiting up to 10s (default) for element to be clickable: Located by By.chained({By.xpath: //android.widget.Button[@content-desc="Sign in"]})
[INFO] 23-07-2025 09:14:32 [main] LogUtils - [MobileUI] Verifying element is present and displayed: Located by By.chained({AppiumBy.accessibilityId:  Invalid email or password}). Message if failed: The error message not display.
[INFO] 23-07-2025 09:14:32 [main] LogUtils - [MobileUI] Checking if element is present and displayed: Located by By.chained({AppiumBy.accessibilityId:  Invalid email or password})
[INFO] 23-07-2025 09:14:32 [main] LogUtils - [MobileUI] Element present and displayed check result: true
[INFO] 23-07-2025 09:14:32 [main] LogUtils - [MobileUI] Sleeping for 1.0 seconds.
[INFO] 23-07-2025 09:14:33 [main] LogUtils - [MobileUI] Getting attribute 'content-desc' from element: Located by By.chained({AppiumBy.accessibilityId:  Invalid email or password}) with default timeout.
[INFO] 23-07-2025 09:14:33 [main] LogUtils - [MobileUI] Waiting up to 10s (default) for element to be visible: Located by By.chained({AppiumBy.accessibilityId:  Invalid email or password})
[INFO] 23-07-2025 09:14:33 [main] LogUtils - [MobileUI] Retrieved attribute value: ' Invalid email or password'
[INFO] 23-07-2025 09:14:33 [main] LogUtils - [MobileUI] Verifying attribute 'content-desc' of element: Located by By.chained({AppiumBy.accessibilityId:  Invalid email or password}) equals ' Invalid email or password'. Message if failed: The content of error message not display.
[INFO] 23-07-2025 09:14:33 [main] LogUtils - [MobileUI] Sleeping for 1.0 seconds.
[INFO] 23-07-2025 09:14:34 [main] LogUtils - [MobileUI] Getting attribute 'content-desc' from element: Located by By.chained({AppiumBy.accessibilityId:  Invalid email or password}) with default timeout.
[INFO] 23-07-2025 09:14:34 [main] LogUtils - [MobileUI] Waiting up to 10s (default) for element to be visible: Located by By.chained({AppiumBy.accessibilityId:  Invalid email or password})
[INFO] 23-07-2025 09:14:34 [main] LogUtils - [MobileUI] Retrieved attribute value: ' Invalid email or password'
[INFO] 23-07-2025 09:14:40 [main] LogUtils - [MobileUI] Sleeping for 1.0 seconds.
[INFO] 23-07-2025 09:14:41 [main] LogUtils - [MobileUI] Clicking element: Located by By.chained({By.xpath: //android.view.View[@content-desc="Mobile App Flutter Beta"]/following-sibling::android.widget.EditText[1]}) within default timeout (10s).
[INFO] 23-07-2025 09:14:41 [main] LogUtils - [MobileUI] Waiting up to 10s (default) for element to be clickable: Located by By.chained({By.xpath: //android.view.View[@content-desc="Mobile App Flutter Beta"]/following-sibling::android.widget.EditText[1]})
[INFO] 23-07-2025 09:14:42 [main] LogUtils - [MobileUI] Sleeping for 1.0 seconds.
[INFO] 23-07-2025 09:14:44 [main] LogUtils - [MobileUI] Setting text 'admin' on element: Located by By.chained({By.xpath: //android.view.View[@content-desc="Mobile App Flutter Beta"]/following-sibling::android.widget.EditText[1]}) with default timeout.
[INFO] 23-07-2025 09:14:44 [main] LogUtils - [MobileUI] Waiting up to 10s (default) for element to be visible: Located by By.chained({By.xpath: //android.view.View[@content-desc="Mobile App Flutter Beta"]/following-sibling::android.widget.EditText[1]})
[INFO] 23-07-2025 09:14:44 [main] LogUtils - [MobileUI] Set text completed for element: Located by By.chained({By.xpath: //android.view.View[@content-desc="Mobile App Flutter Beta"]/following-sibling::android.widget.EditText[1]})
[INFO] 23-07-2025 09:14:44 [main] LogUtils - [MobileUI] Sleeping for 1.0 seconds.
[INFO] 23-07-2025 09:14:45 [main] LogUtils - [MobileUI] Clicking element: Located by By.chained({By.xpath: //android.view.View[@content-desc="Mobile App Flutter Beta"]/following-sibling::android.widget.EditText[2]}) within default timeout (10s).
[INFO] 23-07-2025 09:14:45 [main] LogUtils - [MobileUI] Waiting up to 10s (default) for element to be clickable: Located by By.chained({By.xpath: //android.view.View[@content-desc="Mobile App Flutter Beta"]/following-sibling::android.widget.EditText[2]})
[INFO] 23-07-2025 09:14:47 [main] LogUtils - [MobileUI] Sleeping for 1.0 seconds.
[INFO] 23-07-2025 09:14:48 [main] LogUtils - [MobileUI] Setting text 'admin' on element: Located by By.chained({By.xpath: //android.view.View[@content-desc="Mobile App Flutter Beta"]/following-sibling::android.widget.EditText[2]}) with default timeout.
[INFO] 23-07-2025 09:14:48 [main] LogUtils - [MobileUI] Waiting up to 10s (default) for element to be visible: Located by By.chained({By.xpath: //android.view.View[@content-desc="Mobile App Flutter Beta"]/following-sibling::android.widget.EditText[2]})
[INFO] 23-07-2025 09:14:48 [main] LogUtils - [MobileUI] Set text completed for element: Located by By.chained({By.xpath: //android.view.View[@content-desc="Mobile App Flutter Beta"]/following-sibling::android.widget.EditText[2]})
[INFO] 23-07-2025 09:14:48 [main] LogUtils - [MobileUI] Sleeping for 1.0 seconds.
[INFO] 23-07-2025 09:14:49 [main] LogUtils - [MobileUI] Clicking element: Located by By.chained({By.xpath: //android.widget.Button[@content-desc="Sign in"]}) within default timeout (10s).
[INFO] 23-07-2025 09:14:49 [main] LogUtils - [MobileUI] Waiting up to 10s (default) for element to be clickable: Located by By.chained({By.xpath: //android.widget.Button[@content-desc="Sign in"]})
[INFO] 23-07-2025 09:14:50 [main] LogUtils - [MobileUI] Verifying element is present and displayed: Located by By.chained({AppiumBy.accessibilityId: Menu}). Message if failed: The Table page not display. (Menu not found)
[INFO] 23-07-2025 09:14:50 [main] LogUtils - [MobileUI] Checking if element is present and displayed: Located by By.chained({AppiumBy.accessibilityId: Menu})
[INFO] 23-07-2025 09:14:50 [main] LogUtils - [MobileUI] Element present and displayed check result: true
[INFO] 23-07-2025 09:15:18 [main] LogUtils - [MobileUI] Sleeping for 1.0 seconds.
[INFO] 23-07-2025 09:15:19 [main] LogUtils - [MobileUI] Clicking element: Located by By.chained({By.xpath: //android.view.View[@content-desc="Mobile App Flutter Beta"]/following-sibling::android.widget.EditText[1]}) within default timeout (10s).
[INFO] 23-07-2025 09:15:19 [main] LogUtils - [MobileUI] Waiting up to 10s (default) for element to be clickable: Located by By.chained({By.xpath: //android.view.View[@content-desc="Mobile App Flutter Beta"]/following-sibling::android.widget.EditText[1]})
[INFO] 23-07-2025 09:15:20 [main] LogUtils - [MobileUI] Sleeping for 1.0 seconds.
[INFO] 23-07-2025 09:15:21 [main] LogUtils - [MobileUI] Setting text 'admin' on element: Located by By.chained({By.xpath: //android.view.View[@content-desc="Mobile App Flutter Beta"]/following-sibling::android.widget.EditText[1]}) with default timeout.
[INFO] 23-07-2025 09:15:21 [main] LogUtils - [MobileUI] Waiting up to 10s (default) for element to be visible: Located by By.chained({By.xpath: //android.view.View[@content-desc="Mobile App Flutter Beta"]/following-sibling::android.widget.EditText[1]})
[INFO] 23-07-2025 09:15:22 [main] LogUtils - [MobileUI] Set text completed for element: Located by By.chained({By.xpath: //android.view.View[@content-desc="Mobile App Flutter Beta"]/following-sibling::android.widget.EditText[1]})
[INFO] 23-07-2025 09:15:22 [main] LogUtils - [MobileUI] Sleeping for 1.0 seconds.
[INFO] 23-07-2025 09:15:23 [main] LogUtils - [MobileUI] Clicking element: Located by By.chained({By.xpath: //android.view.View[@content-desc="Mobile App Flutter Beta"]/following-sibling::android.widget.EditText[2]}) within default timeout (10s).
[INFO] 23-07-2025 09:15:23 [main] LogUtils - [MobileUI] Waiting up to 10s (default) for element to be clickable: Located by By.chained({By.xpath: //android.view.View[@content-desc="Mobile App Flutter Beta"]/following-sibling::android.widget.EditText[2]})
[INFO] 23-07-2025 09:15:24 [main] LogUtils - [MobileUI] Sleeping for 1.0 seconds.
[INFO] 23-07-2025 09:15:25 [main] LogUtils - [MobileUI] Setting text 'admin' on element: Located by By.chained({By.xpath: //android.view.View[@content-desc="Mobile App Flutter Beta"]/following-sibling::android.widget.EditText[2]}) with default timeout.
[INFO] 23-07-2025 09:15:25 [main] LogUtils - [MobileUI] Waiting up to 10s (default) for element to be visible: Located by By.chained({By.xpath: //android.view.View[@content-desc="Mobile App Flutter Beta"]/following-sibling::android.widget.EditText[2]})
[INFO] 23-07-2025 09:15:25 [main] LogUtils - [MobileUI] Set text completed for element: Located by By.chained({By.xpath: //android.view.View[@content-desc="Mobile App Flutter Beta"]/following-sibling::android.widget.EditText[2]})
[INFO] 23-07-2025 09:15:25 [main] LogUtils - [MobileUI] Sleeping for 1.0 seconds.
[INFO] 23-07-2025 09:15:26 [main] LogUtils - [MobileUI] Clicking element: Located by By.chained({By.xpath: //android.widget.Button[@content-desc="Sign in"]}) within default timeout (10s).
[INFO] 23-07-2025 09:15:26 [main] LogUtils - [MobileUI] Waiting up to 10s (default) for element to be clickable: Located by By.chained({By.xpath: //android.widget.Button[@content-desc="Sign in"]})
[INFO] 23-07-2025 09:15:28 [main] LogUtils - [MobileUI] Verifying element is present and displayed: Located by By.chained({AppiumBy.accessibilityId: Menu}). Message if failed: The Table page not display. (Menu not found)
[INFO] 23-07-2025 09:15:28 [main] LogUtils - [MobileUI] Checking if element is present and displayed: Located by By.chained({AppiumBy.accessibilityId: Menu})
[INFO] 23-07-2025 09:15:28 [main] LogUtils - [MobileUI] Element present and displayed check result: true
[INFO] 23-07-2025 09:15:29 [main] LogUtils - [MobileUI] Sleeping for 2.0 seconds.
[INFO] 23-07-2025 10:11:22 [main] LogUtils - [MobileUI] Sleeping for 1.0 seconds.
[INFO] 23-07-2025 10:11:23 [main] LogUtils - [MobileUI] Clicking element: Located by By.chained({By.xpath: //android.view.View[@content-desc="Mobile App Flutter Beta"]/following-sibling::android.widget.EditText[1]}) within default timeout (10s).
[INFO] 23-07-2025 10:11:23 [main] LogUtils - [MobileUI] Waiting up to 10s (default) for element to be clickable: Located by By.chained({By.xpath: //android.view.View[@content-desc="Mobile App Flutter Beta"]/following-sibling::android.widget.EditText[1]})
[INFO] 23-07-2025 10:11:23 [main] LogUtils - [MobileUI] Sleeping for 1.0 seconds.
[INFO] 23-07-2025 10:11:24 [main] LogUtils - [MobileUI] Setting text 'admin123' on element: Located by By.chained({By.xpath: //android.view.View[@content-desc="Mobile App Flutter Beta"]/following-sibling::android.widget.EditText[1]}) with default timeout.
[INFO] 23-07-2025 10:11:24 [main] LogUtils - [MobileUI] Waiting up to 10s (default) for element to be visible: Located by By.chained({By.xpath: //android.view.View[@content-desc="Mobile App Flutter Beta"]/following-sibling::android.widget.EditText[1]})
[INFO] 23-07-2025 10:11:25 [main] LogUtils - [MobileUI] Set text completed for element: Located by By.chained({By.xpath: //android.view.View[@content-desc="Mobile App Flutter Beta"]/following-sibling::android.widget.EditText[1]})
[INFO] 23-07-2025 10:11:25 [main] LogUtils - [MobileUI] Sleeping for 1.0 seconds.
[INFO] 23-07-2025 10:11:26 [main] LogUtils - [MobileUI] Clicking element: Located by By.chained({By.xpath: //android.view.View[@content-desc="Mobile App Flutter Beta"]/following-sibling::android.widget.EditText[2]}) within default timeout (10s).
[INFO] 23-07-2025 10:11:26 [main] LogUtils - [MobileUI] Waiting up to 10s (default) for element to be clickable: Located by By.chained({By.xpath: //android.view.View[@content-desc="Mobile App Flutter Beta"]/following-sibling::android.widget.EditText[2]})
[INFO] 23-07-2025 10:11:27 [main] LogUtils - [MobileUI] Sleeping for 1.0 seconds.
[INFO] 23-07-2025 10:11:28 [main] LogUtils - [MobileUI] Setting text 'admin' on element: Located by By.chained({By.xpath: //android.view.View[@content-desc="Mobile App Flutter Beta"]/following-sibling::android.widget.EditText[2]}) with default timeout.
[INFO] 23-07-2025 10:11:28 [main] LogUtils - [MobileUI] Waiting up to 10s (default) for element to be visible: Located by By.chained({By.xpath: //android.view.View[@content-desc="Mobile App Flutter Beta"]/following-sibling::android.widget.EditText[2]})
[INFO] 23-07-2025 10:11:29 [main] LogUtils - [MobileUI] Set text completed for element: Located by By.chained({By.xpath: //android.view.View[@content-desc="Mobile App Flutter Beta"]/following-sibling::android.widget.EditText[2]})
[INFO] 23-07-2025 10:11:29 [main] LogUtils - [MobileUI] Sleeping for 1.0 seconds.
[INFO] 23-07-2025 10:11:30 [main] LogUtils - [MobileUI] Clicking element: Located by By.chained({By.xpath: //android.widget.Button[@content-desc="Sign in"]}) within default timeout (10s).
[INFO] 23-07-2025 10:11:30 [main] LogUtils - [MobileUI] Waiting up to 10s (default) for element to be clickable: Located by By.chained({By.xpath: //android.widget.Button[@content-desc="Sign in"]})
[INFO] 23-07-2025 10:11:31 [main] LogUtils - [MobileUI] Verifying element is present and displayed: Located by By.chained({AppiumBy.accessibilityId:  Invalid email or password}). Message if failed: The error message not display.
[INFO] 23-07-2025 10:11:31 [main] LogUtils - [MobileUI] Checking if element is present and displayed: Located by By.chained({AppiumBy.accessibilityId:  Invalid email or password})
[INFO] 23-07-2025 10:11:31 [main] LogUtils - [MobileUI] Element present and displayed check result: true
[INFO] 23-07-2025 10:11:31 [main] LogUtils - [MobileUI] Sleeping for 1.0 seconds.
[INFO] 23-07-2025 10:11:32 [main] LogUtils - [MobileUI] Getting attribute 'content-desc' from element: Located by By.chained({AppiumBy.accessibilityId:  Invalid email or password}) with default timeout.
[INFO] 23-07-2025 10:11:32 [main] LogUtils - [MobileUI] Waiting up to 10s (default) for element to be visible: Located by By.chained({AppiumBy.accessibilityId:  Invalid email or password})
[INFO] 23-07-2025 10:11:32 [main] LogUtils - [MobileUI] Retrieved attribute value: ' Invalid email or password'
[INFO] 23-07-2025 10:11:32 [main] LogUtils - [MobileUI] Verifying attribute 'content-desc' of element: Located by By.chained({AppiumBy.accessibilityId:  Invalid email or password}) equals ' Invalid email or password'. Message if failed: The content of error message not display.
[INFO] 23-07-2025 10:11:32 [main] LogUtils - [MobileUI] Sleeping for 1.0 seconds.
[INFO] 23-07-2025 10:11:33 [main] LogUtils - [MobileUI] Getting attribute 'content-desc' from element: Located by By.chained({AppiumBy.accessibilityId:  Invalid email or password}) with default timeout.
[INFO] 23-07-2025 10:11:33 [main] LogUtils - [MobileUI] Waiting up to 10s (default) for element to be visible: Located by By.chained({AppiumBy.accessibilityId:  Invalid email or password})
[INFO] 23-07-2025 10:11:33 [main] LogUtils - [MobileUI] Retrieved attribute value: ' Invalid email or password'
[INFO] 23-07-2025 10:11:38 [main] LogUtils - [MobileUI] Sleeping for 1.0 seconds.
[INFO] 23-07-2025 10:11:39 [main] LogUtils - [MobileUI] Clicking element: Located by By.chained({By.xpath: //android.view.View[@content-desc="Mobile App Flutter Beta"]/following-sibling::android.widget.EditText[1]}) within default timeout (10s).
[INFO] 23-07-2025 10:11:39 [main] LogUtils - [MobileUI] Waiting up to 10s (default) for element to be clickable: Located by By.chained({By.xpath: //android.view.View[@content-desc="Mobile App Flutter Beta"]/following-sibling::android.widget.EditText[1]})
[INFO] 23-07-2025 10:11:40 [main] LogUtils - [MobileUI] Sleeping for 1.0 seconds.
[INFO] 23-07-2025 10:11:41 [main] LogUtils - [MobileUI] Setting text 'admin' on element: Located by By.chained({By.xpath: //android.view.View[@content-desc="Mobile App Flutter Beta"]/following-sibling::android.widget.EditText[1]}) with default timeout.
[INFO] 23-07-2025 10:11:41 [main] LogUtils - [MobileUI] Waiting up to 10s (default) for element to be visible: Located by By.chained({By.xpath: //android.view.View[@content-desc="Mobile App Flutter Beta"]/following-sibling::android.widget.EditText[1]})
[INFO] 23-07-2025 10:11:42 [main] LogUtils - [MobileUI] Set text completed for element: Located by By.chained({By.xpath: //android.view.View[@content-desc="Mobile App Flutter Beta"]/following-sibling::android.widget.EditText[1]})
[INFO] 23-07-2025 10:11:42 [main] LogUtils - [MobileUI] Sleeping for 1.0 seconds.
[INFO] 23-07-2025 10:11:43 [main] LogUtils - [MobileUI] Clicking element: Located by By.chained({By.xpath: //android.view.View[@content-desc="Mobile App Flutter Beta"]/following-sibling::android.widget.EditText[2]}) within default timeout (10s).
[INFO] 23-07-2025 10:11:43 [main] LogUtils - [MobileUI] Waiting up to 10s (default) for element to be clickable: Located by By.chained({By.xpath: //android.view.View[@content-desc="Mobile App Flutter Beta"]/following-sibling::android.widget.EditText[2]})
[INFO] 23-07-2025 10:11:44 [main] LogUtils - [MobileUI] Sleeping for 1.0 seconds.
[INFO] 23-07-2025 10:11:45 [main] LogUtils - [MobileUI] Setting text 'admin' on element: Located by By.chained({By.xpath: //android.view.View[@content-desc="Mobile App Flutter Beta"]/following-sibling::android.widget.EditText[2]}) with default timeout.
[INFO] 23-07-2025 10:11:45 [main] LogUtils - [MobileUI] Waiting up to 10s (default) for element to be visible: Located by By.chained({By.xpath: //android.view.View[@content-desc="Mobile App Flutter Beta"]/following-sibling::android.widget.EditText[2]})
[INFO] 23-07-2025 10:11:46 [main] LogUtils - [MobileUI] Set text completed for element: Located by By.chained({By.xpath: //android.view.View[@content-desc="Mobile App Flutter Beta"]/following-sibling::android.widget.EditText[2]})
[INFO] 23-07-2025 10:11:46 [main] LogUtils - [MobileUI] Sleeping for 1.0 seconds.
[INFO] 23-07-2025 10:11:47 [main] LogUtils - [MobileUI] Clicking element: Located by By.chained({By.xpath: //android.widget.Button[@content-desc="Sign in"]}) within default timeout (10s).
[INFO] 23-07-2025 10:11:47 [main] LogUtils - [MobileUI] Waiting up to 10s (default) for element to be clickable: Located by By.chained({By.xpath: //android.widget.Button[@content-desc="Sign in"]})
[INFO] 23-07-2025 10:11:48 [main] LogUtils - [MobileUI] Verifying element is present and displayed: Located by By.chained({AppiumBy.accessibilityId: Menu}). Message if failed: The Table page not display. (Menu not found)
[INFO] 23-07-2025 10:11:48 [main] LogUtils - [MobileUI] Checking if element is present and displayed: Located by By.chained({AppiumBy.accessibilityId: Menu})
[INFO] 23-07-2025 10:11:48 [main] LogUtils - [MobileUI] Element present and displayed check result: true
